<?xml version="1.0" encoding="UTF-8"?>
<!-- Generated by org.testng.reporters.JUnitReportReporter -->
<testsuite hostname="BRICKRED65" failures="0" tests="1" name="com.effigo.tests.TEST2" time="24.905" errors="0" timestamp="2023-05-29T16:59:01 IST" skipped="0">
  <testcase classname="com.effigo.tests.TEST2" name="test2" time="24.905"/>
  <system-out/>
</testsuite> <!-- com.effigo.tests.TEST2 -->
